ERROR Plugin load failed: hexo-math
TypeError: Cannot set property 'init' of undefined
    at /root/impwang.github.io/node_modules/mathjax/es5/node-main.js:1:254572
    at Object.<anonymous> (/root/impwang.github.io/node_modules/mathjax/es5/node-main.js:1:254702)
    at Module._compile (internal/modules/cjs/loader.js:778:30)
    at Object.Module._extensions..js (internal/modules/cjs/loader.js:789:10)
    at Module.load (internal/modules/cjs/loader.js:653:32)
    at tryModuleLoad (internal/modules/cjs/loader.js:593:12)
    at Function.Module._load (internal/modules/cjs/loader.js:585:3)
    at Module.require (internal/modules/cjs/loader.js:692:17)
    at require (internal/modules/cjs/helpers.js:25:18)
    at Object.<anonymous> (/root/impwang.github.io/node_modules/hexo-math/lib/mathjax.js:3:18)
    at Module._compile (internal/modules/cjs/loader.js:778:30)
    at Object.Module._extensions..js (internal/modules/cjs/loader.js:789:10)
    at Module.load (internal/modules/cjs/loader.js:653:32)
    at tryModuleLoad (internal/modules/cjs/loader.js:593:12)
    at Function.Module._load (internal/modules/cjs/loader.js:585:3)
    at Module.require (internal/modules/cjs/loader.js:692:17)
    at require (/root/impwang.github.io/node_modules/hexo/lib/hexo/index.js:219:21)
    at /root/impwang.github.io/node_modules/hexo-math/index.js:30:37
    at fs.readFile.then.script (/root/impwang.github.io/node_modules/hexo/lib/hexo/index.js:232:12)
    at tryCatcher (/root/impwang.github.io/node_modules/bluebird/js/release/util.js:16:23)
    at Promise._settlePromiseFromHandler (/root/impwang.github.io/node_modules/bluebird/js/release/promise.js:547:31)
    at Promise._settlePromise (/root/impwang.github.io/node_modules/bluebird/js/release/promise.js:604:18)
INFO  Start processing
INFO  Hexo is running at http://localhost:80/. Press Ctrl+C to stop.
INFO  Start processing
INFO  Hexo is running at http://localhost:80/. Press Ctrl+C to stop.
